
> starter_helpi@0.1.0 test
> react-scripts test --coverage

PASS src/App.test.tsx
  ✓ renders learn react link (41 ms)

----------------------------|---------|----------|---------|---------|-------------------
File                        | % Stmts | % Branch | % Funcs | % Lines | Uncovered Line #s 
----------------------------|---------|----------|---------|---------|-------------------
All files                   |      25 |    16.66 |    12.5 |      25 |                   
 src                        |   28.57 |    16.66 |      20 |   28.57 |                   
  App.tsx                   |      60 |       50 |   33.33 |      60 | 11,19-25          
  index.tsx                 |       0 |      100 |     100 |       0 | 7-19              
  reportWebVitals.ts        |       0 |        0 |       0 |       0 | 3-10              
 src/Components/ProgressBar |       0 |      100 |       0 |       0 |                   
  ProgressBar.tsx           |       0 |      100 |       0 |       0 | 2                 
 src/Pages/HomePage         |       0 |      100 |       0 |       0 |                   
  HomePage.tsx              |       0 |      100 |       0 |       0 | 3                 
 src/Services               |       0 |      100 |       0 |       0 |                   
  UserResponse.ts           |       0 |      100 |       0 |       0 | 2                 
----------------------------|---------|----------|---------|---------|-------------------
Test Suites: 1 passed, 1 total
Tests:       1 passed, 1 total
Snapshots:   0 total
Time:        2.424 s
Ran all test suites.
